2013-05-27 15:54:40 Error: Fatal Error (1): Call to undefined function ldap_connect() in [/var/www/bigw/app/Controller/UsersController.php, line 68]
2013-05-27 15:55:11 Error: Fatal Error (1): Call to undefined function ldap_connect() in [/var/www/bigw/app/Controller/UsersController.php, line 68]
2013-05-27 15:56:11 Error: Fatal Error (1): Call to undefined function ldap_connect() in [/var/www/bigw/app/Controller/UsersController.php, line 67]
2013-05-27 16:00:31 Error: Fatal Error (4): syntax error, unexpected T_VARIABLE in [/var/www/bigw/app/Controller/UsersController.php, line 96]
2013-05-27 16:00:45 Error: Fatal Error (1): Call to undefined function valida_ldap() in [/var/www/bigw/app/Controller/UsersController.php, line 99]
2013-05-27 16:04:15 Error: Fatal Error (1): Call to undefined function ldap_connect() in [/var/www/bigw/app/Controller/UsersController.php, line 71]
2013-05-27 16:04:24 Error: Fatal Error (1): Call to undefined function ldap_bind() in [/var/www/bigw/app/Controller/UsersController.php, line 76]
2013-05-27 16:04:58 Error: Fatal Error (1): Call to undefined function ldap_connect() in [/var/www/bigw/app/Controller/UsersController.php, line 71]
2013-05-27 17:55:08 Error: Fatal Error (1): Call to a member function findAll() on a non-object in [/var/www/bigw/app/Controller/UsersController.php, line 90]
2013-05-27 17:55:40 Error: Fatal Error (64): Access level to LdapUser::$useTable must be public (as in class AppModel) in [/var/www/bigw/app/Model/LdapUser.php, line 40]
2013-05-28 13:48:16 Error: Fatal Error (1): Class 'COM' not found in [/var/www/bigw/app/Controller/UsersController.php, line 61]
2013-05-28 13:48:48 Error: Fatal Error (4): syntax error, unexpected T_STRING in [/var/www/bigw/app/Controller/UsersController.php, line 62]
2013-05-28 13:58:46 Error: Fatal Error (4): syntax error, unexpected T_VAR in [/var/www/bigw/app/Controller/UsersController.php, line 62]
2013-06-24 15:25:04 Error: Fatal Error (1): Call to a member function login() on a non-object in [/var/www/bigw/plugins/Ldap/Controller/AuthController.php, line 33]
2013-06-24 15:25:47 Error: Fatal Error (1): Call to a member function login() on a non-object in [/var/www/bigw/plugins/Ldap/Controller/AuthController.php, line 33]
2013-06-24 15:54:54 Error: Fatal Error (1): Call to a member function findAll() on a non-object in [/var/www/bigw/app/Controller/UsersController.php, line 66]
2013-06-24 15:55:12 Error: Fatal Error (1): Call to a member function findAll() on a non-object in [/var/www/bigw/app/Controller/UsersController.php, line 66]
2013-06-24 16:01:05 Error: Fatal Error (1): Call to a member function findAll() on a non-object in [/var/www/bigw/app/Controller/UsersController.php, line 66]
2013-06-24 16:02:33 Error: Fatal Error (1): Call to a member function findAll() on a non-object in [/var/www/bigw/app/Controller/UsersController.php, line 66]
2013-06-24 16:06:34 Error: Fatal Error (1): Call to a member function findAll() on a non-object in [/var/www/bigw/plugins/Ldap/Controller/AuthController.php, line 33]
2013-06-24 16:39:12 Error: Fatal Error (4): syntax error, unexpected T_VARIABLE in [/var/www/bigw/plugins/Ldap/Model/AuthUser.php, line 35]
2013-06-24 17:11:58 Error: Fatal Error (1): Call to a member function getAccessToken() on a non-object in [/var/www/bigw/plugins/Ldap/Controller/AuthController.php, line 37]
2013-06-24 17:34:47 Error: Fatal Error (4): syntax error, unexpected T_CONSTANT_ENCAPSED_STRING, expecting T_VARIABLE in [/var/www/bigw/app/Model/User.php, line 73]
2013-06-25 08:56:32 Error: Fatal Error (4): syntax error, unexpected T_EXIT, expecting T_FUNCTION in [/var/www/bigw/plugins/Ldap/Controller/AuthController.php, line 25]
2013-06-25 09:24:28 Error: Fatal Error (4): syntax error, unexpected T_ECHO in [/var/www/bigw/plugins/Ldap/Controller/AuthController.php, line 74]
2013-06-25 09:51:17 Error: Fatal Error (4): syntax error, unexpected T_VARIABLE in [/var/www/bigw/plugins/Ldap/Controller/AuthController.php, line 97]
2013-06-25 10:33:06 Error: Fatal Error (4): syntax error, unexpected ')' in [/var/www/bigw/plugins/Ldap/Controller/AuthController.php, line 59]
2013-06-25 13:52:16 Error: Fatal Error (1): Call to undefined method UsersController::loadModule() in [/var/www/bigw/app/Controller/UsersController.php, line 28]
2013-09-10 21:58:50 Error: Fatal Error (4): syntax error, unexpected ';' in [/var/www/natt/app/View/Chk/edit.ctp, line 17]
